  Game.cpp
  RkSt_Window.cpp
  main.cpp
  Génération de code en cours...
glfw3-s-d.lib(window.obj) : warning LNK4099: PDB 'glfw3-s-d.pdb' n'a pu être trouvé avec 'glfw3-s-d.lib(window.obj)' ou sur 'C:\Users\gmatsam\Downloads\proj_vulkan\x64\Debug\glfw3-s-d.pdb' ; l'objet sera lié sans informations de débogage
glfw3-s-d.lib(init.obj) : warning LNK4099: PDB 'glfw3-s-d.pdb' n'a pu être trouvé avec 'glfw3-s-d.lib(init.obj)' ou sur 'C:\Users\gmatsam\Downloads\proj_vulkan\x64\Debug\glfw3-s-d.pdb' ; l'objet sera lié sans informations de débogage
glfw3-s-d.lib(context.obj) : warning LNK4099: PDB 'glfw3-s-d.pdb' n'a pu être trouvé avec 'glfw3-s-d.lib(context.obj)' ou sur 'C:\Users\gmatsam\Downloads\proj_vulkan\x64\Debug\glfw3-s-d.pdb' ; l'objet sera lié sans informations de débogage
glfw3-s-d.lib(win32_window.obj) : warning LNK4099: PDB 'glfw3-s-d.pdb' n'a pu être trouvé avec 'glfw3-s-d.lib(win32_window.obj)' ou sur 'C:\Users\gmatsam\Downloads\proj_vulkan\x64\Debug\glfw3-s-d.pdb' ; l'objet sera lié sans informations de débogage
glfw3-s-d.lib(win32_thread.obj) : warning LNK4099: PDB 'glfw3-s-d.pdb' n'a pu être trouvé avec 'glfw3-s-d.lib(win32_thread.obj)' ou sur 'C:\Users\gmatsam\Downloads\proj_vulkan\x64\Debug\glfw3-s-d.pdb' ; l'objet sera lié sans informations de débogage
glfw3-s-d.lib(input.obj) : warning LNK4099: PDB 'glfw3-s-d.pdb' n'a pu être trouvé avec 'glfw3-s-d.lib(input.obj)' ou sur 'C:\Users\gmatsam\Downloads\proj_vulkan\x64\Debug\glfw3-s-d.pdb' ; l'objet sera lié sans informations de débogage
glfw3-s-d.lib(win32_init.obj) : warning LNK4099: PDB 'glfw3-s-d.pdb' n'a pu être trouvé avec 'glfw3-s-d.lib(win32_init.obj)' ou sur 'C:\Users\gmatsam\Downloads\proj_vulkan\x64\Debug\glfw3-s-d.pdb' ; l'objet sera lié sans informations de débogage
glfw3-s-d.lib(win32_monitor.obj) : warning LNK4099: PDB 'glfw3-s-d.pdb' n'a pu être trouvé avec 'glfw3-s-d.lib(win32_monitor.obj)' ou sur 'C:\Users\gmatsam\Downloads\proj_vulkan\x64\Debug\glfw3-s-d.pdb' ; l'objet sera lié sans informations de débogage
glfw3-s-d.lib(win32_time.obj) : warning LNK4099: PDB 'glfw3-s-d.pdb' n'a pu être trouvé avec 'glfw3-s-d.lib(win32_time.obj)' ou sur 'C:\Users\gmatsam\Downloads\proj_vulkan\x64\Debug\glfw3-s-d.pdb' ; l'objet sera lié sans informations de débogage
glfw3-s-d.lib(monitor.obj) : warning LNK4099: PDB 'glfw3-s-d.pdb' n'a pu être trouvé avec 'glfw3-s-d.lib(monitor.obj)' ou sur 'C:\Users\gmatsam\Downloads\proj_vulkan\x64\Debug\glfw3-s-d.pdb' ; l'objet sera lié sans informations de débogage
glfw3-s-d.lib(vulkan.obj) : warning LNK4099: PDB 'glfw3-s-d.pdb' n'a pu être trouvé avec 'glfw3-s-d.lib(vulkan.obj)' ou sur 'C:\Users\gmatsam\Downloads\proj_vulkan\x64\Debug\glfw3-s-d.pdb' ; l'objet sera lié sans informations de débogage
glfw3-s-d.lib(win32_joystick.obj) : warning LNK4099: PDB 'glfw3-s-d.pdb' n'a pu être trouvé avec 'glfw3-s-d.lib(win32_joystick.obj)' ou sur 'C:\Users\gmatsam\Downloads\proj_vulkan\x64\Debug\glfw3-s-d.pdb' ; l'objet sera lié sans informations de débogage
glfw3-s-d.lib(wgl_context.obj) : warning LNK4099: PDB 'glfw3-s-d.pdb' n'a pu être trouvé avec 'glfw3-s-d.lib(wgl_context.obj)' ou sur 'C:\Users\gmatsam\Downloads\proj_vulkan\x64\Debug\glfw3-s-d.pdb' ; l'objet sera lié sans informations de débogage
glfw3-s-d.lib(egl_context.obj) : warning LNK4099: PDB 'glfw3-s-d.pdb' n'a pu être trouvé avec 'glfw3-s-d.lib(egl_context.obj)' ou sur 'C:\Users\gmatsam\Downloads\proj_vulkan\x64\Debug\glfw3-s-d.pdb' ; l'objet sera lié sans informations de débogage
glfw3-s-d.lib(osmesa_context.obj) : warning LNK4099: PDB 'glfw3-s-d.pdb' n'a pu être trouvé avec 'glfw3-s-d.lib(osmesa_context.obj)' ou sur 'C:\Users\gmatsam\Downloads\proj_vulkan\x64\Debug\glfw3-s-d.pdb' ; l'objet sera lié sans informations de débogage
  VkRaiiRaw.vcxproj -> C:\Users\gmatsam\Downloads\proj_vulkan\x64\Debug\VkRaiiRaw.exe
